<?xml version="1.0" encoding="UTF-8"?>
<!-- Generated by org.testng.reporters.JUnitXMLReporter -->
<testsuite ignored="0" hostname="MNJKUMSETT" failures="1" tests="7" name="BankBot Tests" time="159.601" errors="0" timestamp="2026-04-26T18:20:05 IST">
  <testcase classname="tests.LoginTest" name="testInvalidLoginAlert" time="4.936"/>
  <testcase classname="tests.LoginTest" name="testLogin" time="7.539"/>
  <testcase classname="tests.LoginTest" name="testLogin" time="16.192"/>
  <testcase classname="tests.LoginTest" name="testScreenshotDemo" time="0.524">
    <failure type="java.lang.AssertionError" message="Screenshot with filled invalid credentials">
      <![CDATA[java.lang.AssertionError: Screenshot with filled invalid credentials
at tests.LoginTest.testScreenshotDemo(LoginTest.java:62)
at java.base/java.util.ArrayList.forEach(ArrayList.java:1511)
... Removed 28 stack frames]]>
    </failure>
  </testcase> <!-- testScreenshotDemo -->
  <testcase classname="tests.CustomerTest" name="testCreateCustomer" time="15.854"/>
  <testcase classname="tests.AccountTest" name="testCreateAccount" time="17.274"/>
  <testcase classname="tests.FundTransferTest" name="testFundTransfer" time="27.525"/>
</testsuite> <!-- BankBot Tests -->
